2025-02-25T06:48:07.616+09:00  INFO 11120 --- [umigatari] [main] c.e.umigatari.UmigatariApplicationTests  : Starting UmigatariApplicationTests using Java 21.0.5 with PID 11120 (started by ryuhe in C:\Users\ryuhe\Desktop\ae\umigatari\umigatari)
2025-02-25T06:48:07.627+09:00  INFO 11120 --- [umigatari] [main] c.e.umigatari.UmigatariApplicationTests  : No active profile set, falling back to 1 default profile: "default"
2025-02-25T06:48:08.783+09:00  INFO 11120 --- [umigatari] [main] .s.d.r.c.RepositoryConfigurationDelegate : Multiple Spring Data modules found, entering strict repository configuration mode
2025-02-25T06:48:08.790+09:00  INFO 11120 --- [umigatari] [main] .s.d.r.c.RepositoryConfigurationDelegate : Bootstrapping Spring Data JDBC repositories in DEFAULT mode.
2025-02-25T06:48:08.815+09:00  INFO 11120 --- [umigatari] [main] .s.d.r.c.RepositoryConfigurationDelegate : Finished Spring Data repository scanning in 19 ms. Found 0 JDBC repository interfaces.
2025-02-25T06:48:08.831+09:00  INFO 11120 --- [umigatari] [main] .s.d.r.c.RepositoryConfigurationDelegate : Multiple Spring Data modules found, entering strict repository configuration mode
2025-02-25T06:48:08.831+09:00  INFO 11120 --- [umigatari] [main] .s.d.r.c.RepositoryConfigurationDelegate : Bootstrapping Spring Data JPA repositories in DEFAULT mode.
2025-02-25T06:48:08.831+09:00  INFO 11120 --- [umigatari] [main] .s.d.r.c.RepositoryConfigurationDelegate : Finished Spring Data repository scanning in 4 ms. Found 0 JPA repository interfaces.
2025-02-25T06:48:09.426+09:00  INFO 11120 --- [umigatari] [main] com.zaxxer.hikari.HikariDataSource       : HikariPool-1 - Starting...
2025-02-25T06:48:09.904+09:00  INFO 11120 --- [umigatari] [main] com.zaxxer.hikari.pool.HikariPool        : HikariPool-1 - Added connection org.postgresql.jdbc.PgConnection@35adf623
2025-02-25T06:48:09.906+09:00  INFO 11120 --- [umigatari] [main] com.zaxxer.hikari.HikariDataSource       : HikariPool-1 - Start completed.
2025-02-25T06:48:09.973+09:00  INFO 11120 --- [umigatari] [main] o.hibernate.jpa.internal.util.LogHelper  : HHH000204: Processing PersistenceUnitInfo [name: default]
2025-02-25T06:48:10.047+09:00  INFO 11120 --- [umigatari] [main] org.hibernate.Version                    : HHH000412: Hibernate ORM core version 6.5.3.Final
2025-02-25T06:48:10.138+09:00  INFO 11120 --- [umigatari] [main] o.h.c.internal.RegionFactoryInitiator    : HHH000026: Second-level cache disabled
2025-02-25T06:48:10.879+09:00  INFO 11120 --- [umigatari] [main] o.s.o.j.p.SpringPersistenceUnitInfo      : No LoadTimeWeaver setup: ignoring JPA class transformer
2025-02-25T06:48:11.786+09:00  INFO 11120 --- [umigatari] [main] o.h.e.t.j.p.i.JtaPlatformInitiator       : HHH000489: No JTA platform available (set 'hibernate.transaction.jta.platform' to enable JTA platform integration)
2025-02-25T06:48:11.792+09:00  INFO 11120 --- [umigatari] [main] j.LocalContainerEntityManagerFactoryBean : Initialized JPA EntityManagerFactory for persistence unit 'default'
2025-02-25T06:48:14.064+09:00  INFO 11120 --- [umigatari] [main] c.e.umigatari.UmigatariApplicationTests  : Started UmigatariApplicationTests in 6.879 seconds (process running for 8.556)
2025-02-25T06:48:14.810+09:00  INFO 11120 --- [umigatari] [SpringApplicationShutdownHook] j.LocalContainerEntityManagerFactoryBean : Closing JPA EntityManagerFactory for persistence unit 'default'
2025-02-25T06:48:14.813+09:00  INFO 11120 --- [umigatari] [SpringApplicationShutdownHook] com.zaxxer.hikari.HikariDataSource       : HikariPool-1 - Shutdown initiated...
2025-02-25T06:48:14.824+09:00  INFO 11120 --- [umigatari] [SpringApplicationShutdownHook] com.zaxxer.hikari.HikariDataSource       : HikariPool-1 - Shutdown completed.
